Assembler report for top_ADCinterface
Fri May 22 20:06:46 2015
Quartus II 64-Bit Version 14.1.0 Build 186 12/03/2014 SJ Web Edition


---------------------
; Table of Contents ;
---------------------
  1. Legal Notice
  2. Assembler Summary
  3. Assembler Settings
  4. Assembler Encrypted IP Cores Summary
  5. Assembler Generated Files
  6. Assembler Device Options: C:/Users/Eric/Documents/Altera/Verilog_stuff/ADCinterface2/output_files/top_ADCinterface.sof
  7. Assembler Messages



----------------
; Legal Notice ;
----------------
Copyright (C) 1991-2014 Altera Corporation. All rights reserved.
Your use of Altera Corporation's design tools, logic functions 
and other software and tools, and its AMPP partner logic 
functions, and any output files from any of the foregoing 
(including device programming or simulation files), and any 
associated documentation or information are expressly subject 
to the terms and conditions of the Altera Program License 
Subscription Agreement, the Altera Quartus II License Agreement,
the Altera MegaCore Function License Agreement, or other 
applicable license agreement, including, without limitation, 
that your use is for the sole purpose of programming logic 
devices manufactured by Altera and sold by Altera or its 
authorized distributors.  Please refer to the applicable 
agreement for further details.



+---------------------------------------------------------------+
; Assembler Summary                                             ;
+-----------------------+---------------------------------------+
; Assembler Status      ; Successful - Fri May 22 20:06:46 2015 ;
; Revision Name         ; top_ADCinterface                      ;
; Top-level Entity Name ; top_ADCinterface                      ;
; Family                ; Cyclone V                             ;
; Device                ; 5CEFA2F23C8                           ;
+-----------------------+---------------------------------------+


+----------------------------------+
; Assembler Settings               ;
+--------+---------+---------------+
; Option ; Setting ; Default Value ;
+--------+---------+---------------+


+------------------------------------------------+
; Assembler Encrypted IP Cores Summary           ;
+--------+------------------------+--------------+
; Vendor ; IP Core Name           ; License Type ;
+--------+------------------------+--------------+
; Altera ; Signal Tap (6AF7 BCE1) ; Licensed     ;
+--------+------------------------+--------------+


+----------------------------------------------------------------------------------------------+
; Assembler Generated Files                                                                    ;
+----------------------------------------------------------------------------------------------+
; File Name                                                                                    ;
+----------------------------------------------------------------------------------------------+
; C:/Users/Eric/Documents/Altera/Verilog_stuff/ADCinterface2/output_files/top_ADCinterface.sof ;
+----------------------------------------------------------------------------------------------+


+------------------------------------------------------------------------------------------------------------------------+
; Assembler Device Options: C:/Users/Eric/Documents/Altera/Verilog_stuff/ADCinterface2/output_files/top_ADCinterface.sof ;
+----------------+-------------------------------------------------------------------------------------------------------+
; Option         ; Setting                                                                                               ;
+----------------+-------------------------------------------------------------------------------------------------------+
; Device         ; 5CEFA2F23C8                                                                                           ;
; JTAG usercode  ; 0x0066E874                                                                                            ;
; Checksum       ; 0x0066E874                                                                                            ;
+----------------+-------------------------------------------------------------------------------------------------------+


+--------------------+
; Assembler Messages ;
+--------------------+
Info: *******************************************************************
Info: Running Quartus II 64-Bit Assembler
    Info: Version 14.1.0 Build 186 12/03/2014 SJ Web Edition
    Info: Processing started: Fri May 22 20:06:38 2015
Info: Command: quartus_asm --read_settings_files=off --write_settings_files=off ADCinterface -c top_ADCinterface
Info (115030): Assembler is generating device programming files
Info: Quartus II 64-Bit Assembler was successful. 0 errors, 0 warnings
    Info: Peak virtual memory: 677 megabytes
    Info: Processing ended: Fri May 22 20:06:46 2015
    Info: Elapsed time: 00:00:08
    Info: Total CPU time (on all processors): 00:00:08


