Flow report for top_ADCinterface
Sat May 23 23:03:24 2015
Quartus II 64-Bit Version 14.1.0 Build 186 12/03/2014 SJ Web Edition


---------------------
; Table of Contents ;
---------------------
  1. Legal Notice
  2. Flow Summary
  3. Flow Settings
  4. Flow Non-Default Global Settings
  5. Flow Elapsed Time
  6. Flow OS Summary
  7. Flow Log
  8. Flow Messages
  9. Flow Suppressed Messages



----------------
; Legal Notice ;
----------------
Copyright (C) 1991-2014 Altera Corporation. All rights reserved.
Your use of Altera Corporation's design tools, logic functions 
and other software and tools, and its AMPP partner logic 
functions, and any output files from any of the foregoing 
(including device programming or simulation files), and any 
associated documentation or information are expressly subject 
to the terms and conditions of the Altera Program License 
Subscription Agreement, the Altera Quartus II License Agreement,
the Altera MegaCore Function License Agreement, or other 
applicable license agreement, including, without limitation, 
that your use is for the sole purpose of programming logic 
devices manufactured by Altera and sold by Altera or its 
authorized distributors.  Please refer to the applicable 
agreement for further details.



+------------------------------------------------------------------------------+
; Flow Summary                                                                 ;
+---------------------------------+--------------------------------------------+
; Flow Status                     ; Successful - Sat May 23 23:03:24 2015      ;
; Quartus II 64-Bit Version       ; 14.1.0 Build 186 12/03/2014 SJ Web Edition ;
; Revision Name                   ; top_ADCinterface                           ;
; Top-level Entity Name           ; top_ADCinterface                           ;
; Family                          ; Cyclone V                                  ;
; Device                          ; 5CEFA2F23C8                                ;
; Timing Models                   ; Final                                      ;
; Logic utilization (in ALMs)     ; 541 / 9,430 ( 6 % )                        ;
; Total registers                 ; 781                                        ;
; Total pins                      ; 53 / 224 ( 24 % )                          ;
; Total virtual pins              ; 0                                          ;
; Total block memory bits         ; 512 / 1,802,240 ( < 1 % )                  ;
; Total DSP Blocks                ; 0 / 25 ( 0 % )                             ;
; Total HSSI RX PCSs              ; 0                                          ;
; Total HSSI PMA RX Deserializers ; 0                                          ;
; Total HSSI TX PCSs              ; 0                                          ;
; Total HSSI PMA TX Serializers   ; 0                                          ;
; Total PLLs                      ; 0 / 4 ( 0 % )                              ;
; Total DLLs                      ; 0 / 4 ( 0 % )                              ;
+---------------------------------+--------------------------------------------+


+-----------------------------------------+
; Flow Settings                           ;
+-------------------+---------------------+
; Option            ; Setting             ;
+-------------------+---------------------+
; Start date & time ; 05/23/2015 23:00:26 ;
; Main task         ; Compilation         ;
; Revision Name     ; top_ADCinterface    ;
+-------------------+---------------------+


+----------------------------------------------------------------------------------------------------------------------------------------------------------------+
; Flow Non-Default Global Settings                                                                                                                               ;
+-------------------------------------+---------------------------------------------------------------------+---------------+-------------------+----------------+
; Assignment Name                     ; Value                                                               ; Default Value ; Entity Name       ; Section Id     ;
+-------------------------------------+---------------------------------------------------------------------+---------------+-------------------+----------------+
; COMPILER_SIGNATURE_ID               ; 147518134897.143244722604984                                        ; --            ; --                ; --             ;
; EDA_OUTPUT_DATA_FORMAT              ; Verilog Hdl                                                         ; --            ; --                ; eda_simulation ;
; EDA_SIMULATION_TOOL                 ; ModelSim-Altera (Verilog)                                           ; <None>        ; --                ; --             ;
; MAX_CORE_JUNCTION_TEMP              ; 85                                                                  ; --            ; --                ; --             ;
; MIN_CORE_JUNCTION_TEMP              ; 0                                                                   ; --            ; --                ; --             ;
; MISC_FILE                           ; ADCinterface_qsys/synthesis/../ADCinterface_qsys.cmp                ; --            ; --                ; --             ;
; MISC_FILE                           ; ADCinterface_qsys/synthesis/../../ADCinterface_qsys.qsys            ; --            ; --                ; --             ;
; PARTITION_COLOR                     ; 16764057                                                            ; --            ; --                ; Top            ;
; PARTITION_FITTER_PRESERVATION_LEVEL ; PLACEMENT_AND_ROUTING                                               ; --            ; --                ; Top            ;
; PARTITION_NETLIST_TYPE              ; SOURCE                                                              ; --            ; --                ; Top            ;
; POWER_BOARD_THERMAL_MODEL           ; None (CONSERVATIVE)                                                 ; --            ; --                ; --             ;
; POWER_PRESET_COOLING_SOLUTION       ; 23 MM HEAT SINK WITH 200 LFPM AIRFLOW                               ; --            ; --                ; --             ;
; PROJECT_OUTPUT_DIRECTORY            ; output_files                                                        ; --            ; --                ; --             ;
; SLD_FILE                            ; ADCinterface_qsys/synthesis/ADCinterface_qsys.debuginfo             ; --            ; --                ; --             ;
; SLD_INFO                            ; QSYS_NAME ADCinterface_qsys HAS_SOPCINFO 1 GENERATION_ID 1432446863 ; --            ; ADCinterface_qsys ; --             ;
; SOPCINFO_FILE                       ; ADCinterface_qsys/synthesis/../../ADCinterface_qsys.sopcinfo        ; --            ; --                ; --             ;
; SYNTHESIS_ONLY_QIP                  ; On                                                                  ; --            ; --                ; --             ;
+-------------------------------------+---------------------------------------------------------------------+---------------+-------------------+----------------+


+-------------------------------------------------------------------------------------------------------------------------------+
; Flow Elapsed Time                                                                                                             ;
+---------------------------+--------------+-------------------------+---------------------+------------------------------------+
; Module Name               ; Elapsed Time ; Average Processors Used ; Peak Virtual Memory ; Total CPU Time (on all processors) ;
+---------------------------+--------------+-------------------------+---------------------+------------------------------------+
; Analysis & Synthesis      ; 00:00:47     ; 1.0                     ; 750 MB              ; 00:01:40                           ;
; Fitter                    ; 00:01:21     ; 1.0                     ; 1982 MB             ; 00:01:46                           ;
; Assembler                 ; 00:00:08     ; 1.0                     ; 677 MB              ; 00:00:07                           ;
; TimeQuest Timing Analyzer ; 00:00:24     ; 1.0                     ; 994 MB              ; 00:00:22                           ;
; EDA Netlist Writer        ; 00:00:02     ; 1.0                     ; 622 MB              ; 00:00:02                           ;
; Total                     ; 00:02:42     ; --                      ; --                  ; 00:03:57                           ;
+---------------------------+--------------+-------------------------+---------------------+------------------------------------+


+----------------------------------------------------------------------------------------+
; Flow OS Summary                                                                        ;
+---------------------------+------------------+-----------+------------+----------------+
; Module Name               ; Machine Hostname ; OS Name   ; OS Version ; Processor type ;
+---------------------------+------------------+-----------+------------+----------------+
; Analysis & Synthesis      ; HamRadio         ; Windows 7 ; 6.1        ; x86_64         ;
; Fitter                    ; HamRadio         ; Windows 7 ; 6.1        ; x86_64         ;
; Assembler                 ; HamRadio         ; Windows 7 ; 6.1        ; x86_64         ;
; TimeQuest Timing Analyzer ; HamRadio         ; Windows 7 ; 6.1        ; x86_64         ;
; EDA Netlist Writer        ; HamRadio         ; Windows 7 ; 6.1        ; x86_64         ;
+---------------------------+------------------+-----------+------------+----------------+


------------
; Flow Log ;
------------
quartus_map --read_settings_files=on --write_settings_files=off ADCinterface -c top_ADCinterface
quartus_fit --read_settings_files=off --write_settings_files=off ADCinterface -c top_ADCinterface
quartus_asm --read_settings_files=off --write_settings_files=off ADCinterface -c top_ADCinterface
quartus_sta ADCinterface -c top_ADCinterface
quartus_eda --read_settings_files=off --write_settings_files=off ADCinterface -c top_ADCinterface



